2018-04-29 16:43:47 48 [Warning] Using unique option prefix myisam-recover instead of myisam-recover-options is deprecated and will be removed in a future release. Please use the full name instead.
2018-04-29 16:43:47 48 [Note] Plugin 'FEDERATED' is disabled.
2018-04-29 16:43:47 48 [Note] InnoDB: Using atomics to ref count buffer pool pages
2018-04-29 16:43:47 48 [Note] InnoDB: The InnoDB memory heap is disabled
2018-04-29 16:43:47 48 [Note] InnoDB: Mutexes and rw_locks use GCC atomic builtins
2018-04-29 16:43:47 48 [Note] InnoDB: Memory barrier is not used
2018-04-29 16:43:47 48 [Note] InnoDB: Compressed tables use zlib 1.2.3
2018-04-29 16:43:47 48 [Note] InnoDB: Using Linux native AIO
2018-04-29 16:43:47 48 [Note] InnoDB: Using CPU crc32 instructions
2018-04-29 16:43:47 48 [Note] InnoDB: Initializing buffer pool, size = 32.0M
2018-04-29 16:43:47 48 [Note] InnoDB: Completed initialization of buffer pool
2018-04-29 16:43:47 48 [Note] InnoDB: Highest supported file format is Barracuda.
2018-04-29 16:43:47 48 [Note] InnoDB: The log sequence numbers 1625987 and 1625987 in ibdata files do not match the log sequence number 1625997 in the ib_logfiles!
2018-04-29 16:43:47 48 [Note] InnoDB: Database was not shutdown normally!
2018-04-29 16:43:47 48 [Note] InnoDB: Starting crash recovery.
2018-04-29 16:43:47 48 [Note] InnoDB: Reading tablespace information from the .ibd files...
2018-04-29 16:43:47 48 [Note] InnoDB: Restoring possible half-written data pages 
2018-04-29 16:43:47 48 [Note] InnoDB: from the doublewrite buffer...
2018-04-29 16:43:48 48 [Note] InnoDB: 128 rollback segment(s) are active.
2018-04-29 16:43:48 48 [Note] InnoDB: Waiting for purge to start
2018-04-29 16:43:48 48 [Note] InnoDB: 5.6.37 started; log sequence number 1625997
2018-04-29 16:43:48 48 [Note] Server hostname (bind-address): '*'; port: 3306
2018-04-29 16:43:48 48 [Note] IPv6 is available.
2018-04-29 16:43:48 48 [Note]   - '::' resolves to '::';
2018-04-29 16:43:48 48 [Note] Server socket created on IP: '::'.
2018-04-29 16:43:48 48 [ERROR] /usr/sbin/mysqld: Table './mysql/user' is marked as crashed and should be repaired
2018-04-29 16:43:48 48 [Warning] Checking table:   './mysql/user'
2018-04-29 16:43:48 48 [ERROR] 1 client is using or hasn't closed the table properly
2018-04-29 16:43:48 48 [Warning] 'user' entry 'root@e24d0b5cccc1' ignored in --skip-name-resolve mode.
2018-04-29 16:43:48 48 [Warning] 'user' entry '@e24d0b5cccc1' ignored in --skip-name-resolve mode.
2018-04-29 16:43:48 48 [Warning] 'proxies_priv' entry '@ root@e24d0b5cccc1' ignored in --skip-name-resolve mode.
2018-04-29 16:43:48 48 [Note] Event Scheduler: Loaded 0 events
2018-04-29 16:43:48 48 [Note] /usr/sbin/mysqld: ready for connections.
Version: '5.6.37'  socket: '/var/run/mysqld/mysqld.sock'  port: 3306  MySQL Community Server (GPL)
2018-04-29 21:39:50 48 [Note] /usr/sbin/mysqld: Normal shutdown

2018-04-29 21:39:50 48 [Note] Giving 0 client threads a chance to die gracefully
2018-04-29 21:39:50 48 [Note] Event Scheduler: Purging the queue. 0 events
2018-04-29 21:39:50 48 [Note] Shutting down slave threads
2018-04-29 21:39:50 48 [Note] Forcefully disconnecting 0 remaining clients
2018-04-29 21:39:50 48 [Note] Binlog end
2018-04-29 21:39:51 48 [Note] Shutting down plugin 'partition'
2018-04-29 21:39:51 48 [Note] Shutting down plugin 'INNODB_SYS_DATAFILES'
2018-04-29 21:39:51 48 [Note] Shutting down plugin 'INNODB_SYS_TABLESPACES'
2018-04-29 21:39:51 48 [Note] Shutting down plugin 'INNODB_SYS_FOREIGN_COLS'
2018-04-29 21:39:51 48 [Note] Shutting down plugin 'INNODB_SYS_FOREIGN'
2018-04-29 21:39:51 48 [Note] Shutting down plugin 'INNODB_SYS_FIELDS'
2018-04-29 21:39:51 48 [Note] Shutting down plugin 'INNODB_SYS_COLUMNS'
2018-04-29 21:39:51 48 [Note] Shutting down plugin 'INNODB_SYS_INDEXES'
2018-04-29 21:39:51 48 [Note] Shutting down plugin 'INNODB_SYS_TABLESTATS'
2018-04-29 21:39:51 48 [Note] Shutting down plugin 'INNODB_SYS_TABLES'
2018-04-29 21:39:51 48 [Note] Shutting down plugin 'INNODB_FT_INDEX_TABLE'
2018-04-29 21:39:51 48 [Note] Shutting down plugin 'INNODB_FT_INDEX_CACHE'
2018-04-29 21:39:51 48 [Note] Shutting down plugin 'INNODB_FT_CONFIG'
2018-04-29 21:39:51 48 [Note] Shutting down plugin 'INNODB_FT_BEING_DELETED'
2018-04-29 21:39:51 48 [Note] Shutting down plugin 'INNODB_FT_DELETED'
2018-04-29 21:39:51 48 [Note] Shutting down plugin 'INNODB_FT_DEFAULT_STOPWORD'
2018-04-29 21:39:51 48 [Note] Shutting down plugin 'INNODB_METRICS'
2018-04-29 21:39:51 48 [Note] Shutting down plugin 'INNODB_BUFFER_POOL_STATS'
2018-04-29 21:39:51 48 [Note] Shutting down plugin 'INNODB_BUFFER_PAGE_LRU'
2018-04-29 21:39:51 48 [Note] Shutting down plugin 'INNODB_BUFFER_PAGE'
2018-04-29 21:39:51 48 [Note] Shutting down plugin 'INNODB_CMP_PER_INDEX_RESET'
2018-04-29 21:39:51 48 [Note] Shutting down plugin 'INNODB_CMP_PER_INDEX'
2018-04-29 21:39:51 48 [Note] Shutting down plugin 'INNODB_CMPMEM_RESET'
2018-04-29 21:39:51 48 [Note] Shutting down plugin 'INNODB_CMPMEM'
2018-04-29 21:39:51 48 [Note] Shutting down plugin 'INNODB_CMP_RESET'
2018-04-29 21:39:51 48 [Note] Shutting down plugin 'INNODB_CMP'
2018-04-29 21:39:51 48 [Note] Shutting down plugin 'INNODB_LOCK_WAITS'
2018-04-29 21:39:51 48 [Note] Shutting down plugin 'INNODB_LOCKS'
2018-04-29 21:39:51 48 [Note] Shutting down plugin 'INNODB_TRX'
2018-04-29 21:39:51 48 [Note] Shutting down plugin 'InnoDB'
2018-04-29 21:39:51 48 [Note] InnoDB: FTS optimize thread exiting.
2018-04-29 21:39:51 48 [Note] InnoDB: Starting shutdown...
2018-04-29 21:39:53 48 [Note] InnoDB: Shutdown completed; log sequence number 2870914
2018-04-29 21:39:53 48 [Note] Shutting down plugin 'BLACKHOLE'
2018-04-29 21:39:53 48 [Note] Shutting down plugin 'ARCHIVE'
2018-04-29 21:39:53 48 [Note] Shutting down plugin 'PERFORMANCE_SCHEMA'
2018-04-29 21:39:53 48 [Note] Shutting down plugin 'MEMORY'
2018-04-29 21:39:53 48 [Note] Shutting down plugin 'MyISAM'
2018-04-29 21:39:53 48 [Note] Shutting down plugin 'MRG_MYISAM'
2018-04-29 21:39:53 48 [Note] Shutting down plugin 'CSV'
2018-04-29 21:39:53 48 [Note] Shutting down plugin 'sha256_password'
2018-04-29 21:39:53 48 [Note] Shutting down plugin 'mysql_old_password'
2018-04-29 21:39:53 48 [Note] Shutting down plugin 'mysql_native_password'
2018-04-29 21:39:53 48 [Note] Shutting down plugin 'binlog'
2018-04-29 21:39:53 48 [Note] /usr/sbin/mysqld: Shutdown complete

2018-04-29 21:40:09 283 [Warning] Using unique option prefix myisam-recover instead of myisam-recover-options is deprecated and will be removed in a future release. Please use the full name instead.
2018-04-29 21:40:09 283 [Note] Plugin 'FEDERATED' is disabled.
2018-04-29 21:40:09 283 [Note] InnoDB: Using atomics to ref count buffer pool pages
2018-04-29 21:40:09 283 [Note] InnoDB: The InnoDB memory heap is disabled
2018-04-29 21:40:10 283 [Note] InnoDB: Mutexes and rw_locks use GCC atomic builtins
2018-04-29 21:40:10 283 [Note] InnoDB: Memory barrier is not used
2018-04-29 21:40:10 283 [Note] InnoDB: Compressed tables use zlib 1.2.3
2018-04-29 21:40:10 283 [Note] InnoDB: Using Linux native AIO
2018-04-29 21:40:10 283 [Note] InnoDB: Using CPU crc32 instructions
2018-04-29 21:40:10 283 [Note] InnoDB: Initializing buffer pool, size = 32.0M
2018-04-29 21:40:10 283 [Note] InnoDB: Completed initialization of buffer pool
2018-04-29 21:40:10 283 [Note] InnoDB: Highest supported file format is Barracuda.
2018-04-29 21:40:11 283 [Note] InnoDB: 128 rollback segment(s) are active.
2018-04-29 21:40:11 283 [Note] InnoDB: Waiting for purge to start
2018-04-29 21:40:11 283 [Note] InnoDB: 5.6.37 started; log sequence number 2870914
2018-04-29 21:40:11 283 [Note] Server hostname (bind-address): '*'; port: 3306
2018-04-29 21:40:11 283 [Note] IPv6 is available.
2018-04-29 21:40:11 283 [Note]   - '::' resolves to '::';
2018-04-29 21:40:11 283 [Note] Server socket created on IP: '::'.
2018-04-29 21:40:11 283 [Warning] 'user' entry 'root@e24d0b5cccc1' ignored in --skip-name-resolve mode.
2018-04-29 21:40:11 283 [Warning] 'user' entry '@e24d0b5cccc1' ignored in --skip-name-resolve mode.
2018-04-29 21:40:11 283 [Warning] 'proxies_priv' entry '@ root@e24d0b5cccc1' ignored in --skip-name-resolve mode.
2018-04-29 21:40:11 283 [Note] Event Scheduler: Loaded 0 events
2018-04-29 21:40:11 283 [Note] /usr/sbin/mysqld: ready for connections.
Version: '5.6.37'  socket: '/var/run/mysqld/mysqld.sock'  port: 3306  MySQL Community Server (GPL)
2018-04-30 00:41:55 283 [Note] /usr/sbin/mysqld: Normal shutdown

2018-04-30 00:41:55 283 [Note] Giving 0 client threads a chance to die gracefully
2018-04-30 00:41:55 283 [Note] Event Scheduler: Purging the queue. 0 events
2018-04-30 00:41:55 283 [Note] Shutting down slave threads
2018-04-30 00:41:55 283 [Note] Forcefully disconnecting 0 remaining clients
2018-04-30 00:41:55 283 [Note] Binlog end
2018-04-30 00:41:56 283 [Note] Shutting down plugin 'partition'
2018-04-30 00:41:56 283 [Note] Shutting down plugin 'INNODB_SYS_DATAFILES'
2018-04-30 00:41:56 283 [Note] Shutting down plugin 'INNODB_SYS_TABLESPACES'
2018-04-30 00:41:56 283 [Note] Shutting down plugin 'INNODB_SYS_FOREIGN_COLS'
2018-04-30 00:41:56 283 [Note] Shutting down plugin 'INNODB_SYS_FOREIGN'
2018-04-30 00:41:56 283 [Note] Shutting down plugin 'INNODB_SYS_FIELDS'
2018-04-30 00:41:56 283 [Note] Shutting down plugin 'INNODB_SYS_COLUMNS'
2018-04-30 00:41:56 283 [Note] Shutting down plugin 'INNODB_SYS_INDEXES'
2018-04-30 00:41:56 283 [Note] Shutting down plugin 'INNODB_SYS_TABLESTATS'
2018-04-30 00:41:56 283 [Note] Shutting down plugin 'INNODB_SYS_TABLES'
2018-04-30 00:41:56 283 [Note] Shutting down plugin 'INNODB_FT_INDEX_TABLE'
2018-04-30 00:41:56 283 [Note] Shutting down plugin 'INNODB_FT_INDEX_CACHE'
2018-04-30 00:41:56 283 [Note] Shutting down plugin 'INNODB_FT_CONFIG'
2018-04-30 00:41:56 283 [Note] Shutting down plugin 'INNODB_FT_BEING_DELETED'
2018-04-30 00:41:56 283 [Note] Shutting down plugin 'INNODB_FT_DELETED'
2018-04-30 00:41:56 283 [Note] Shutting down plugin 'INNODB_FT_DEFAULT_STOPWORD'
2018-04-30 00:41:56 283 [Note] Shutting down plugin 'INNODB_METRICS'
2018-04-30 00:41:56 283 [Note] Shutting down plugin 'INNODB_BUFFER_POOL_STATS'
2018-04-30 00:41:56 283 [Note] Shutting down plugin 'INNODB_BUFFER_PAGE_LRU'
2018-04-30 00:41:56 283 [Note] Shutting down plugin 'INNODB_BUFFER_PAGE'
2018-04-30 00:41:56 283 [Note] Shutting down plugin 'INNODB_CMP_PER_INDEX_RESET'
2018-04-30 00:41:56 283 [Note] Shutting down plugin 'INNODB_CMP_PER_INDEX'
2018-04-30 00:41:56 283 [Note] Shutting down plugin 'INNODB_CMPMEM_RESET'
2018-04-30 00:41:56 283 [Note] Shutting down plugin 'INNODB_CMPMEM'
2018-04-30 00:41:56 283 [Note] Shutting down plugin 'INNODB_CMP_RESET'
2018-04-30 00:41:56 283 [Note] Shutting down plugin 'INNODB_CMP'
2018-04-30 00:41:56 283 [Note] Shutting down plugin 'INNODB_LOCK_WAITS'
2018-04-30 00:41:56 283 [Note] Shutting down plugin 'INNODB_LOCKS'
2018-04-30 00:41:56 283 [Note] Shutting down plugin 'INNODB_TRX'
2018-04-30 00:41:56 283 [Note] Shutting down plugin 'InnoDB'
2018-04-30 00:41:56 283 [Note] InnoDB: FTS optimize thread exiting.
2018-04-30 00:41:56 283 [Note] InnoDB: Starting shutdown...
2018-04-30 00:41:58 283 [Note] InnoDB: Shutdown completed; log sequence number 2883277
2018-04-30 00:41:58 283 [Note] Shutting down plugin 'BLACKHOLE'
2018-04-30 00:41:58 283 [Note] Shutting down plugin 'ARCHIVE'
2018-04-30 00:41:58 283 [Note] Shutting down plugin 'PERFORMANCE_SCHEMA'
2018-04-30 00:41:58 283 [Note] Shutting down plugin 'MEMORY'
2018-04-30 00:41:58 283 [Note] Shutting down plugin 'MyISAM'
2018-04-30 00:41:58 283 [Note] Shutting down plugin 'MRG_MYISAM'
2018-04-30 00:41:58 283 [Note] Shutting down plugin 'CSV'
2018-04-30 00:41:58 283 [Note] Shutting down plugin 'sha256_password'
2018-04-30 00:41:58 283 [Note] Shutting down plugin 'mysql_old_password'
2018-04-30 00:41:58 283 [Note] Shutting down plugin 'mysql_native_password'
2018-04-30 00:41:58 283 [Note] Shutting down plugin 'binlog'
2018-04-30 00:41:58 283 [Note] /usr/sbin/mysqld: Shutdown complete

2018-04-30 22:28:26 56 [Warning] Using unique option prefix myisam-recover instead of myisam-recover-options is deprecated and will be removed in a future release. Please use the full name instead.
2018-04-30 22:28:26 56 [Note] Plugin 'FEDERATED' is disabled.
2018-04-30 22:28:26 56 [Note] InnoDB: Using atomics to ref count buffer pool pages
2018-04-30 22:28:26 56 [Note] InnoDB: The InnoDB memory heap is disabled
2018-04-30 22:28:26 56 [Note] InnoDB: Mutexes and rw_locks use GCC atomic builtins
2018-04-30 22:28:26 56 [Note] InnoDB: Memory barrier is not used
2018-04-30 22:28:26 56 [Note] InnoDB: Compressed tables use zlib 1.2.3
2018-04-30 22:28:26 56 [Note] InnoDB: Using Linux native AIO
2018-04-30 22:28:26 56 [Note] InnoDB: Using CPU crc32 instructions
2018-04-30 22:28:26 56 [Note] InnoDB: Initializing buffer pool, size = 32.0M
2018-04-30 22:28:26 56 [Note] InnoDB: Completed initialization of buffer pool
2018-04-30 22:28:27 56 [Note] InnoDB: Highest supported file format is Barracuda.
2018-04-30 22:28:28 56 [Note] InnoDB: 128 rollback segment(s) are active.
2018-04-30 22:28:28 56 [Note] InnoDB: Waiting for purge to start
2018-04-30 22:28:28 56 [Note] InnoDB: 5.6.37 started; log sequence number 2883277
2018-04-30 22:28:28 56 [Note] Server hostname (bind-address): '*'; port: 3306
2018-04-30 22:28:28 56 [Note] IPv6 is available.
2018-04-30 22:28:28 56 [Note]   - '::' resolves to '::';
2018-04-30 22:28:28 56 [Note] Server socket created on IP: '::'.
2018-04-30 22:28:29 56 [Warning] 'user' entry 'root@e24d0b5cccc1' ignored in --skip-name-resolve mode.
2018-04-30 22:28:29 56 [Warning] 'user' entry '@e24d0b5cccc1' ignored in --skip-name-resolve mode.
2018-04-30 22:28:29 56 [Warning] 'proxies_priv' entry '@ root@e24d0b5cccc1' ignored in --skip-name-resolve mode.
2018-04-30 22:28:30 56 [Note] Event Scheduler: Loaded 0 events
2018-04-30 22:28:30 56 [Note] /usr/sbin/mysqld: ready for connections.
Version: '5.6.37'  socket: '/var/run/mysqld/mysqld.sock'  port: 3306  MySQL Community Server (GPL)
2018-04-30 23:11:38 56 [Note] /usr/sbin/mysqld: Normal shutdown

2018-04-30 23:11:38 56 [Note] Giving 0 client threads a chance to die gracefully
2018-04-30 23:11:38 56 [Note] Event Scheduler: Purging the queue. 0 events
2018-04-30 23:11:38 56 [Note] Shutting down slave threads
2018-04-30 23:11:38 56 [Note] Forcefully disconnecting 0 remaining clients
2018-04-30 23:11:38 56 [Note] Binlog end
2018-04-30 23:11:38 56 [Note] Shutting down plugin 'partition'
2018-04-30 23:11:38 56 [Note] Shutting down plugin 'INNODB_SYS_DATAFILES'
2018-04-30 23:11:38 56 [Note] Shutting down plugin 'INNODB_SYS_TABLESPACES'
2018-04-30 23:11:38 56 [Note] Shutting down plugin 'INNODB_SYS_FOREIGN_COLS'
2018-04-30 23:11:38 56 [Note] Shutting down plugin 'INNODB_SYS_FOREIGN'
2018-04-30 23:11:38 56 [Note] Shutting down plugin 'INNODB_SYS_FIELDS'
2018-04-30 23:11:38 56 [Note] Shutting down plugin 'INNODB_SYS_COLUMNS'
2018-04-30 23:11:38 56 [Note] Shutting down plugin 'INNODB_SYS_INDEXES'
2018-04-30 23:11:38 56 [Note] Shutting down plugin 'INNODB_SYS_TABLESTATS'
2018-04-30 23:11:38 56 [Note] Shutting down plugin 'INNODB_SYS_TABLES'
2018-04-30 23:11:38 56 [Note] Shutting down plugin 'INNODB_FT_INDEX_TABLE'
2018-04-30 23:11:38 56 [Note] Shutting down plugin 'INNODB_FT_INDEX_CACHE'
2018-04-30 23:11:38 56 [Note] Shutting down plugin 'INNODB_FT_CONFIG'
2018-04-30 23:11:38 56 [Note] Shutting down plugin 'INNODB_FT_BEING_DELETED'
2018-04-30 23:11:38 56 [Note] Shutting down plugin 'INNODB_FT_DELETED'
2018-04-30 23:11:38 56 [Note] Shutting down plugin 'INNODB_FT_DEFAULT_STOPWORD'
2018-04-30 23:11:38 56 [Note] Shutting down plugin 'INNODB_METRICS'
2018-04-30 23:11:38 56 [Note] Shutting down plugin 'INNODB_BUFFER_POOL_STATS'
2018-04-30 23:11:38 56 [Note] Shutting down plugin 'INNODB_BUFFER_PAGE_LRU'
2018-04-30 23:11:38 56 [Note] Shutting down plugin 'INNODB_BUFFER_PAGE'
2018-04-30 23:11:38 56 [Note] Shutting down plugin 'INNODB_CMP_PER_INDEX_RESET'
2018-04-30 23:11:38 56 [Note] Shutting down plugin 'INNODB_CMP_PER_INDEX'
2018-04-30 23:11:38 56 [Note] Shutting down plugin 'INNODB_CMPMEM_RESET'
2018-04-30 23:11:38 56 [Note] Shutting down plugin 'INNODB_CMPMEM'
2018-04-30 23:11:38 56 [Note] Shutting down plugin 'INNODB_CMP_RESET'
2018-04-30 23:11:38 56 [Note] Shutting down plugin 'INNODB_CMP'
2018-04-30 23:11:38 56 [Note] Shutting down plugin 'INNODB_LOCK_WAITS'
2018-04-30 23:11:38 56 [Note] Shutting down plugin 'INNODB_LOCKS'
2018-04-30 23:11:38 56 [Note] Shutting down plugin 'INNODB_TRX'
2018-04-30 23:11:38 56 [Note] Shutting down plugin 'InnoDB'
2018-04-30 23:11:38 56 [Note] InnoDB: FTS optimize thread exiting.
2018-04-30 23:11:38 56 [Note] InnoDB: Starting shutdown...
2018-04-30 23:11:40 56 [Note] InnoDB: Shutdown completed; log sequence number 3273887
2018-04-30 23:11:40 56 [Note] Shutting down plugin 'BLACKHOLE'
2018-04-30 23:11:41 56 [Note] Shutting down plugin 'ARCHIVE'
2018-04-30 23:11:41 56 [Note] Shutting down plugin 'PERFORMANCE_SCHEMA'
2018-04-30 23:11:41 56 [Note] Shutting down plugin 'MEMORY'
2018-05-01 00:14:53 31 [Warning] Using unique option prefix myisam-recover instead of myisam-recover-options is deprecated and will be removed in a future release. Please use the full name instead.
2018-05-01 00:14:53 31 [Note] Plugin 'FEDERATED' is disabled.
2018-05-01 00:14:54 31 [Note] InnoDB: Using atomics to ref count buffer pool pages
2018-05-01 00:14:54 31 [Note] InnoDB: The InnoDB memory heap is disabled
2018-05-01 00:14:54 31 [Note] InnoDB: Mutexes and rw_locks use GCC atomic builtins
2018-05-01 00:14:54 31 [Note] InnoDB: Memory barrier is not used
2018-05-01 00:14:54 31 [Note] InnoDB: Compressed tables use zlib 1.2.3
2018-05-01 00:14:54 31 [Note] InnoDB: Using Linux native AIO
2018-05-01 00:14:54 31 [Note] InnoDB: Using CPU crc32 instructions
2018-05-01 00:14:54 31 [Note] InnoDB: Initializing buffer pool, size = 32.0M
2018-05-01 00:14:54 31 [Note] InnoDB: Completed initialization of buffer pool
2018-05-01 00:14:54 31 [Note] InnoDB: Highest supported file format is Barracuda.
2018-05-01 00:14:54 31 [Note] InnoDB: 128 rollback segment(s) are active.
2018-05-01 00:14:54 31 [Note] InnoDB: Waiting for purge to start
2018-05-01 00:14:54 31 [Note] InnoDB: 5.6.37 started; log sequence number 3273887
2018-05-01 00:14:54 31 [Note] Server hostname (bind-address): '*'; port: 3306
2018-05-01 00:14:54 31 [Note] IPv6 is available.
2018-05-01 00:14:54 31 [Note]   - '::' resolves to '::';
2018-05-01 00:14:54 31 [Note] Server socket created on IP: '::'.
2018-05-01 00:14:54 31 [Warning] 'user' entry 'root@e24d0b5cccc1' ignored in --skip-name-resolve mode.
2018-05-01 00:14:54 31 [Warning] 'user' entry '@e24d0b5cccc1' ignored in --skip-name-resolve mode.
2018-05-01 00:14:54 31 [Warning] 'proxies_priv' entry '@ root@e24d0b5cccc1' ignored in --skip-name-resolve mode.
2018-05-01 00:14:54 31 [Note] Event Scheduler: Loaded 0 events
2018-05-01 00:14:54 31 [Note] /usr/sbin/mysqld: ready for connections.
Version: '5.6.37'  socket: '/var/run/mysqld/mysqld.sock'  port: 3306  MySQL Community Server (GPL)
